#
# A fatal error has been detected by the Java Runtime Environment:
#
#  EXCEPTION_ACCESS_VIOLATION (0xc0000005) at pc=0x0000000064d10295, pid=6512, tid=1348
#
# JRE version: 7.0_05-b06
# Java VM: Java HotSpot(TM) 64-Bit Server VM (23.1-b03 mixed mode windows-amd64 compressed oops)
# Problematic frame:
# V  [jvm.dll+0x350295]
#
# Failed to write core dump. Minidumps are not enabled by default on client versions of Windows
#
# If you would like to submit a bug report, please visit:
#   http://bugreport.sun.com/bugreport/crash.jsp
#

---------------  T H R E A D  ---------------

Current thread (0x000000000204d000):  GCTaskThread [stack: 0x0000000005a00000,0x0000000005b00000] [id=1348]

siginfo: ExceptionCode=0xc0000005, reading address 0x0000000000000018

Registers:
RAX=0x0000000000000000, RBX=0x00000000b48d4db8, RCX=0x0000000000000000, RDX=0x00000000b48d45d8
RSP=0x0000000005aff7f0, RBP=0x000000000000000c, RSI=0x00000000b48d4db8, RDI=0x00000000b48d4e00
R8 =0x0000000000000001, R9 =0x00000000000000fc, R10=0x0000000002210000, R11=0x0000000001c90000
R12=0x000000000548865c, R13=0x0000000000000001, R14=0x00000000054846a7, R15=0x0000000002047920
RIP=0x0000000064d10295, EFLAGS=0x0000000000010246

Top of Stack: (sp=0x0000000005aff7f0)
0x0000000005aff7f0:   000000000548865c 0000000002048c90
0x0000000005aff800:   00000000b0a0a388 00000000b0a0a388
0x0000000005aff810:   0000000002048c90 0000000064d103dc
0x0000000005aff820:   00000000b47ddab0 00000000b47ddab0
0x0000000005aff830:   00000000054846a8 00000000fcdfb77d
0x0000000005aff840:   000000000204d2c0 000000000204c200
0x0000000005aff850:   0000000064f15238 000000000204d2d0
0x0000000005aff860:   0000000008eacaf0 0000000000000000
0x0000000005aff870:   00000000020795e0 0000000064d23380
0x0000000005aff880:   0000000002047920 0000000002048c90
0x0000000005aff890:   0000000000000000 00000000b50cb8a8
0x0000000005aff8a0:   0000000008eacaf0 0000000000000000
0x0000000005aff8b0:   00000000020795e0 0000000064d1244e
0x0000000005aff8c0:   000000000204d000 0000000000000000
0x0000000005aff8d0:   0000000000000000 0000000000000000
0x0000000005aff8e0:   000000000204d000 000000000204c230 

Instructions: (pc=0x0000000064d10295)
0x0000000064d10275:   00 00 48 8b f3 74 15 8b 43 08 8b 0d 83 72 30 00
0x0000000064d10285:   48 d3 e0 48 03 05 71 72 30 00 eb 04 48 8b 43 08
0x0000000064d10295:   44 8b 48 18 48 8d 48 10 45 85 c9 7e 0c 41 f6 c1
0x0000000064d102a5:   01 75 53 41 c1 f9 03 eb 5c 79 4b 80 3d f1 89 35 


Register to memory mapping:

RAX=0x0000000000000000 is an unknown value
RBX=
[error occurred during error reporting (printing register info), id 0xc0000005]

Stack: [0x0000000005a00000,0x0000000005b00000],  sp=0x0000000005aff7f0,  free space=1021k
Native frames: (J=compiled Java code, j=interpreted, Vv=VM code, C=native code)
V  [jvm.dll+0x350295]


---------------  P R O C E S S  ---------------

Java Threads: ( => current thread )
  0x000000000ba5d800 JavaThread "Stdin handler" [_thread_blocked, id=3532, stack(0x000000000d3e0000,0x000000000d4e0000)]
  0x000000000ba5c000 JavaThread "Cancel handler" [_thread_blocked, id=6452, stack(0x000000000d070000,0x000000000d170000)]
  0x000000000ba5b800 JavaThread "Handler for socket connection from /127.0.0.1:42056 to /127.0.0.1:9323" [_thread_in_native, id=7984, stack(0x000000000cf30000,0x000000000d030000)]
  0x000000000ba5a800 JavaThread "Daemon worker Thread 10" [_thread_blocked, id=6188, stack(0x000000000d260000,0x000000000d360000)]
  0x000000000ba5a000 JavaThread "Daemon Thread 10" [_thread_blocked, id=5076, stack(0x000000000c8e0000,0x000000000c9e0000)]
  0x000000000b7a7000 JavaThread "File lock request listener" [_thread_in_native, id=5544, stack(0x000000000d810000,0x000000000d910000)]
  0x000000000b37c800 JavaThread "Incoming local TCP Connector on port 42056" [_thread_in_native, id=2976, stack(0x000000000cd60000,0x000000000ce60000)]
  0x0000000008f6c000 JavaThread "Service Thread" daemon [_thread_blocked, id=3128, stack(0x000000000a340000,0x000000000a440000)]
  0x0000000008f5e800 JavaThread "C2 CompilerThread1" daemon [_thread_blocked, id=1336, stack(0x000000000a170000,0x000000000a270000)]
  0x0000000008f47800 JavaThread "C2 CompilerThread0" daemon [_thread_blocked, id=6320, stack(0x0000000009a00000,0x0000000009b00000)]
  0x0000000008f46000 JavaThread "Attach Listener" daemon [_thread_blocked, id=3364, stack(0x0000000009fd0000,0x000000000a0d0000)]
  0x0000000008f44800 JavaThread "Signal Dispatcher" daemon [_thread_blocked, id=5440, stack(0x0000000009ea0000,0x0000000009fa0000)]
  0x0000000008ebb000 JavaThread "Finalizer" daemon [_thread_blocked, id=6184, stack(0x0000000009d10000,0x0000000009e10000)]
  0x0000000008eb7800 JavaThread "Reference Handler" daemon [_thread_blocked, id=5776, stack(0x0000000009b00000,0x0000000009c00000)]
  0x000000000220c800 JavaThread "main" [_thread_blocked, id=6860, stack(0x00000000022a0000,0x00000000023a0000)]

Other Threads:
  0x0000000008eb0800 VMThread [stack: 0x00000000098c0000,0x00000000099c0000] [id=6472]
  0x0000000008f77800 WatcherThread [stack: 0x000000000a4a0000,0x000000000a5a0000] [id=7012]

=>0x000000000204d000 (exited) GCTaskThread [stack: 0x0000000005a00000,0x0000000005b00000] [id=1348]

VM state:at safepoint (normal execution)

VM Mutex/Monitor currently owned by a thread:  ([mutex/lock_event])
[0x000000000220acb0] Threads_lock - owner thread: 0x0000000008eb0800
[0x000000000220b1b0] Heap_lock - owner thread: 0x000000000ba5a800

Heap
 PSYoungGen      total 311424K, used 280128K [0x00000000eaab0000, 0x0000000000000000, 0x0000000000000000)
  eden space 280128K, 100% used [0x00000000eaab0000,0x00000000fbc40000,0x00000000fbc40000)
  from space 31296K, 0% used [0x00000000fe170000,0x00000000fe170000,0x0000000000000000)
  to   space 34688K, 57% used [0x00000000fbc40000,0x00000000fcfb16a0,0x00000000fde20000)
 ParOldGen       total 150848K, used 44158K [0x00000000c0000000, 0x00000000c9350000, 0x00000000eaab0000)
  object space 150848K, 29% used [0x00000000c0000000,0x00000000c2b1f868,0x00000000c9350000)
 PSPermGen       total 106816K, used 82734K [0x00000000b0000000, 0x00000000b6850000, 0x00000000c0000000)
  object space 106816K, 77% used [0x00000000b0000000,0x00000000b50cb8a8,0x00000000b6850000)

Code Cache  [0x00000000023a0000, 0x0000000002c50000, 0x00000000053a0000)
 total_blobs=2656 nmethods=2025 adapters=580 free_code_cache=40394Kb largest_free_block=41228288

Compilation events (10 events):
Event: 20188.055 Thread 0x0000000008f47800 2281             java.nio.ByteBuffer::hasArray (20 bytes)
Event: 20188.055 Thread 0x0000000008f47800 nmethod 2281 0x0000000002a70950 code [0x0000000002a70a80, 0x0000000002a70af8]
Event: 20188.088 Thread 0x0000000008f47800 2282             java.util.TimSort::mergeHi (719 bytes)
Event: 20188.159 Thread 0x0000000008f47800 nmethod 2282 0x0000000002c30810 code [0x0000000002c30a00, 0x0000000002c326c8]
Event: 20188.655 Thread 0x0000000008f5e800 2283             java.lang.StringBuilder::append (68 bytes)
Event: 20188.662 Thread 0x0000000008f5e800 nmethod 2283 0x0000000002639410 code [0x00000000026395a0, 0x0000000002639a28]
Event: 20188.794 Thread 0x0000000008f5e800 2284             org.apache.commons.collections.map.AbstractHashedMap::getEntry (64 bytes)
Event: 20188.799 Thread 0x0000000008f5e800 nmethod 2284 0x0000000002c2ccd0 code [0x0000000002c2ce40, 0x0000000002c2d178]
Event: 20188.938 Thread 0x0000000008f47800 2285             java.util.TimSort::mergeHi (719 bytes)
Event: 20188.985 Thread 0x0000000008f47800 nmethod 2285 0x0000000002c4b950 code [0x0000000002c4bb40, 0x0000000002c4d848]

GC Heap History (10 events):
Event: 13979.939 GC heap after
Heap after GC invocations=49 (full 11):
 PSYoungGen      total 319424K, used 7615K [0x00000000eaab0000, 0x0000000000000000, 0x0000000000000000)
  eden space 288896K, 0% used [0x00000000eaab0000,0x00000000eaab0000,0x00000000fc4d0000)
  from space 30528K, 24% used [0x00000000fe230000,0x00000000fe99fe78,0x0000000000000000)
  to   space 30080K, 0% used [0x00000000fc4d0000,0x00000000fc4d0000,0x00000000fe230000)
 ParOldGen       total 150848K, used 81717K [0x00000000c0000000, 0x00000000c9350000, 0x00000000eaab0000)
  object space 150848K, 54% used [0x00000000c0000000,0x00000000c4fcd4f0,0x00000000c9350000)
 PSPermGen       total 101184K, used 83867K [0x00000000b0000000, 0x00000000b62d0000, 0x00000000c0000000)
  object space 101184K, 82% used [0x00000000b0000000,0x00000000b51e6c20,0x00000000b62d0000)
}
Event: 13979.939 GC heap before
{Heap before GC invocations=50 (full 12):
 PSYoungGen      total 319424K, used 7615K [0x00000000eaab0000, 0x0000000000000000, 0x0000000000000000)
  eden space 288896K, 0% used [0x00000000eaab0000,0x00000000eaab0000,0x00000000fc4d0000)
  from space 30528K, 24% used [0x00000000fe230000,0x00000000fe99fe78,0x0000000000000000)
  to   space 30080K, 0% used [0x00000000fc4d0000,0x00000000fc4d0000,0x00000000fe230000)
 ParOldGen       total 150848K, used 81717K [0x00000000c0000000, 0x00000000c9350000, 0x00000000eaab0000)
  object space 150848K, 54% used [0x00000000c0000000,0x00000000c4fcd4f0,0x00000000c9350000)
 PSPermGen       total 101184K, used 83867K [0x00000000b0000000, 0x00000000b62d0000, 0x00000000c0000000)
  object space 101184K, 82% used [0x00000000b0000000,0x00000000b51e6c20,0x00000000b62d0000)
Event: 13982.897 GC heap after
Heap after GC invocations=50 (full 12):
 PSYoungGen      total 319424K, used 0K [0x00000000eaab0000, 0x0000000000000000, 0x0000000000000000)
  eden space 288896K, 0% used [0x00000000eaab0000,0x00000000eaab0000,0x00000000fc4d0000)
  from space 30528K, 0% used [0x00000000fe230000,0x00000000fe230000,0x0000000000000000)
  to   space 30080K, 0% used [0x00000000fc4d0000,0x00000000fc4d0000,0x00000000fe230000)
 ParOldGen       total 150848K, used 60645K [0x00000000c0000000, 0x00000000c9350000, 0x00000000eaab0000)
  object space 150848K, 40% used [0x00000000c0000000,0x00000000c3b39770,0x00000000c9350000)
 PSPermGen       total 119616K, used 83563K [0x00000000b0000000, 0x00000000b74d0000, 0x00000000c0000000)
  object space 119616K, 69% used [0x00000000b0000000,0x00000000b519ac40,0x00000000b74d0000)
}
Event: 20157.233 GC heap before
{Heap before GC invocations=51 (full 12):
 PSYoungGen      total 319424K, used 288896K [0x00000000eaab0000, 0x0000000000000000, 0x0000000000000000)
  eden space 288896K, 100% used [0x00000000eaab0000,0x00000000fc4d0000,0x00000000fc4d0000)
  from space 30528K, 0% used [0x00000000fe230000,0x00000000fe230000,0x0000000000000000)
  to   space 30080K, 0% used [0x00000000fc4d0000,0x00000000fc4d0000,0x00000000fe230000)
 ParOldGen       total 150848K, used 60645K [0x00000000c0000000, 0x00000000c9350000, 0x00000000eaab0000)
  object space 150848K, 40% used [0x00000000c0000000,0x00000000c3b39770,0x00000000c9350000)
 PSPermGen       total 119616K, used 92485K [0x00000000b0000000, 0x00000000b74d0000, 0x00000000c0000000)
  object space 119616K, 77% used [0x00000000b0000000,0x00000000b5a516a0,0x00000000b74d0000)
Event: 20157.688 GC heap after
Heap after GC invocations=51 (full 12):
 PSYoungGen      total 318208K, used 29292K [0x00000000eaab0000, 0x0000000000000000, 0x0000000000000000)
  eden space 288896K, 0% used [0x00000000eaab0000,0x00000000eaab0000,0x00000000fc4d0000)
  from space 29312K, 99% used [0x00000000fc4d0000,0x00000000fe16b168,0x00000000fe170000)
  to   space 31296K, 0% used [0x00000000fe170000,0x00000000fe170000,0x0000000000000000)
 ParOldGen       total 150848K, used 60645K [0x00000000c0000000, 0x00000000c9350000, 0x00000000eaab0000)
  object space 150848K, 40% used [0x00000000c0000000,0x00000000c3b39770,0x00000000c9350000)
 PSPermGen       total 119616K, used 92485K [0x00000000b0000000, 0x00000000b74d0000, 0x00000000c0000000)
  object space 119616K, 77% used [0x00000000b0000000,0x00000000b5a516a0,0x00000000b74d0000)
}
Event: 20162.976 GC heap before
{Heap before GC invocations=52 (full 12):
 PSYoungGen      total 318208K, used 111010K [0x00000000eaab0000, 0x0000000000000000, 0x0000000000000000)
  eden space 288896K, 28% used [0x00000000eaab0000,0x00000000efa7d6a8,0x00000000fc4d0000)
  from space 29312K, 99% used [0x00000000fc4d0000,0x00000000fe16b168,0x00000000fe170000)
  to   space 31296K, 0% used [0x00000000fe170000,0x00000000fe170000,0x0000000000000000)
 ParOldGen       total 150848K, used 60645K [0x00000000c0000000, 0x00000000c9350000, 0x00000000eaab0000)
  object space 150848K, 40% used [0x00000000c0000000,0x00000000c3b39770,0x00000000c9350000)
 PSPermGen       total 119616K, used 92917K [0x00000000b0000000, 0x00000000b74d0000, 0x00000000c0000000)
  object space 119616K, 77% used [0x00000000b0000000,0x00000000b5abd4d8,0x00000000b74d0000)
Event: 20163.007 GC heap after
Heap after GC invocations=52 (full 12):
 PSYoungGen      total 311424K, used 1108K [0x00000000eaab0000, 0x0000000000000000, 0x0000000000000000)
  eden space 280128K, 0% used [0x00000000eaab0000,0x00000000eaab0000,0x00000000fbc40000)
  from space 31296K, 3% used [0x00000000fe170000,0x00000000fe285018,0x0000000000000000)
  to   space 34688K, 0% used [0x00000000fbc40000,0x00000000fbc40000,0x00000000fde20000)
 ParOldGen       total 150848K, used 76587K [0x00000000c0000000, 0x00000000c9350000, 0x00000000eaab0000)
  object space 150848K, 50% used [0x00000000c0000000,0x00000000c4acac40,0x00000000c9350000)
 PSPermGen       total 119616K, used 92917K [0x00000000b0000000, 0x00000000b74d0000, 0x00000000c0000000)
  object space 119616K, 77% used [0x00000000b0000000,0x00000000b5abd4d8,0x00000000b74d0000)
}
Event: 20163.007 GC heap before
{Heap before GC invocations=53 (full 13):
 PSYoungGen      total 311424K, used 1108K [0x00000000eaab0000, 0x0000000000000000, 0x0000000000000000)
  eden space 280128K, 0% used [0x00000000eaab0000,0x00000000eaab0000,0x00000000fbc40000)
  from space 31296K, 3% used [0x00000000fe170000,0x00000000fe285018,0x0000000000000000)
  to   space 34688K, 0% used [0x00000000fbc40000,0x00000000fbc40000,0x00000000fde20000)
 ParOldGen       total 150848K, used 76587K [0x00000000c0000000, 0x00000000c9350000, 0x00000000eaab0000)
  object space 150848K, 50% used [0x00000000c0000000,0x00000000c4acac40,0x00000000c9350000)
 PSPermGen       total 119616K, used 92917K [0x00000000b0000000, 0x00000000b74d0000, 0x00000000c0000000)
  object space 119616K, 77% used [0x00000000b0000000,0x00000000b5abd4d8,0x00000000b74d0000)
Event: 20163.670 GC heap after
Heap after GC invocations=53 (full 13):
 PSYoungGen      total 311424K, used 0K [0x00000000eaab0000, 0x0000000000000000, 0x0000000000000000)
  eden space 280128K, 0% used [0x00000000eaab0000,0x00000000eaab0000,0x00000000fbc40000)
  from space 31296K, 0% used [0x00000000fe170000,0x00000000fe170000,0x0000000000000000)
  to   space 34688K, 0% used [0x00000000fbc40000,0x00000000fbc40000,0x00000000fde20000)
 ParOldGen       total 150848K, used 44158K [0x00000000c0000000, 0x00000000c9350000, 0x00000000eaab0000)
  object space 150848K, 29% used [0x00000000c0000000,0x00000000c2b1f868,0x00000000c9350000)
 PSPermGen       total 106816K, used 74579K [0x00000000b0000000, 0x00000000b6850000, 0x00000000c0000000)
  object space 106816K, 69% used [0x00000000b0000000,0x00000000b48d4e18,0x00000000b6850000)
}
Event: 20189.153 GC heap before
{Heap before GC invocations=54 (full 13):
 PSYoungGen      total 311424K, used 280128K [0x00000000eaab0000, 0x0000000000000000, 0x0000000000000000)
  eden space 280128K, 100% used [0x00000000eaab0000,0x00000000fbc40000,0x00000000fbc40000)
  from space 31296K, 0% used [0x00000000fe170000,0x00000000fe170000,0x0000000000000000)
  to   space 34688K, 0% used [0x00000000fbc40000,0x00000000fbc40000,0x00000000fde20000)
 ParOldGen       total 150848K, used 44158K [0x00000000c0000000, 0x00000000c9350000, 0x00000000eaab0000)
  object space 150848K, 29% used [0x00000000c0000000,0x00000000c2b1f868,0x00000000c9350000)
 PSPermGen       total 106816K, used 82734K [0x00000000b0000000, 0x00000000b6850000, 0x00000000c0000000)
  object space 106816K, 77% used [0x00000000b0000000,0x00000000b50cb8a8,0x00000000b6850000)

Deoptimization events (10 events):
Event: 20162.880 Thread 0x000000000ba5a800 Uncommon trap -34 fr.pc 0x00000000025c4190
Event: 20162.880 Thread 0x000000000ba5a800 Uncommon trap -58 fr.pc 0x00000000026f0eec
Event: 20162.882 Thread 0x000000000ba5a800 Uncommon trap -34 fr.pc 0x000000000245c6dc
Event: 20186.195 Thread 0x000000000ba5a800 Uncommon trap -42 fr.pc 0x000000000297b440
Event: 20186.612 Thread 0x000000000ba5a800 Uncommon trap -42 fr.pc 0x0000000002a72ac0
Event: 20186.998 Thread 0x000000000ba5a800 Uncommon trap -42 fr.pc 0x0000000002a72ac0
Event: 20187.354 Thread 0x000000000ba5a800 Uncommon trap -42 fr.pc 0x0000000002c2eac0
Event: 20187.631 Thread 0x000000000ba5a800 Uncommon trap -42 fr.pc 0x0000000002c2eac0
Event: 20188.324 Thread 0x000000000ba5a800 Uncommon trap -42 fr.pc 0x0000000002c32244
Event: 20188.938 Thread 0x000000000ba5a800 Uncommon trap -42 fr.pc 0x0000000002c32244

Internal exceptions (10 events):
Event: 20189.103 Thread 0x000000000ba5a800 Threw 0x00000000fbbad748 at C:\jdk7u1_64p\jdk7u5\hotspot\src\share\vm\prims\jvm.cpp:1166
Event: 20189.103 Thread 0x000000000ba5a800 Threw 0x00000000fbbae6e0 at C:\jdk7u1_64p\jdk7u5\hotspot\src\share\vm\prims\jvm.cpp:1166
Event: 20189.103 Thread 0x000000000ba5a800 Threw 0x00000000fbbaf4b8 at C:\jdk7u1_64p\jdk7u5\hotspot\src\share\vm\prims\jvm.cpp:1166
Event: 20189.103 Thread 0x000000000ba5a800 Threw 0x00000000fbbb5fc8 at C:\jdk7u1_64p\jdk7u5\hotspot\src\share\vm\prims\jvm.cpp:1166
Event: 20189.103 Thread 0x000000000ba5a800 Threw 0x00000000fbbb64a8 at C:\jdk7u1_64p\jdk7u5\hotspot\src\share\vm\classfile\systemDictionary.cpp:179
Event: 20189.104 Thread 0x000000000ba5a800 Threw 0x00000000fbc0a958 at C:\jdk7u1_64p\jdk7u5\hotspot\src\share\vm\prims\jvm.cpp:1166
Event: 20189.104 Thread 0x000000000ba5a800 Threw 0x00000000fbc0b9c8 at C:\jdk7u1_64p\jdk7u5\hotspot\src\share\vm\prims\jvm.cpp:1166
Event: 20189.104 Thread 0x000000000ba5a800 Threw 0x00000000fbc0c838 at C:\jdk7u1_64p\jdk7u5\hotspot\src\share\vm\prims\jvm.cpp:1166
Event: 20189.105 Thread 0x000000000ba5a800 Threw 0x00000000fbc13e28 at C:\jdk7u1_64p\jdk7u5\hotspot\src\share\vm\prims\jvm.cpp:1166
Event: 20189.105 Thread 0x000000000ba5a800 Threw 0x00000000fbc14320 at C:\jdk7u1_64p\jdk7u5\hotspot\src\share\vm\classfile\systemDictionary.cpp:179

Events (10 events):
Event: 20189.102 loading class 0x000000000e7d7a40 done
Event: 20189.103 loading class 0x000000000e7d0840
Event: 20189.103 loading class 0x000000000e7d0840 done
Event: 20189.103 loading class 0x000000000e7d0840
Event: 20189.103 loading class 0x000000000e7d0840 done
Event: 20189.104 loading class 0x000000000b08d160
Event: 20189.104 loading class 0x000000000b08d160 done
Event: 20189.105 loading class 0x000000000b08d160
Event: 20189.105 loading class 0x000000000b08d160 done
Event: 20189.105 Executing VM operation: ParallelGCFailedAllocation


Dynamic libraries:
0x000000003faf0000 - 0x000000003fb23000 	C:\Program Files\Java\jdk1.7.0_05\bin\java.exe
0x0000000076cf0000 - 0x0000000076e99000 	C:\Windows\SYSTEM32\ntdll.dll
0x0000000076bd0000 - 0x0000000076cef000 	C:\Windows\system32\kernel32.dll
0x00000000fce20000 - 0x00000000fce8c000 	C:\Windows\system32\KERNELBASE.dll
0x00000000fe460000 - 0x00000000fe53b000 	C:\Windows\system32\ADVAPI32.dll
0x00000000fef60000 - 0x00000000fefff000 	C:\Windows\system32\msvcrt.dll
0x00000000fef40000 - 0x00000000fef5f000 	C:\Windows\SYSTEM32\sechost.dll
0x00000000fdf70000 - 0x00000000fe09d000 	C:\Windows\system32\RPCRT4.dll
0x0000000076ad0000 - 0x0000000076bca000 	C:\Windows\system32\USER32.dll
0x00000000fe210000 - 0x00000000fe277000 	C:\Windows\system32\GDI32.dll
0x00000000fe0a0000 - 0x00000000fe0ae000 	C:\Windows\system32\LPK.dll
0x00000000fe390000 - 0x00000000fe459000 	C:\Windows\system32\USP10.dll
0x00000000fb720000 - 0x00000000fb914000 	C:\Windows\WinSxS\amd64_microsoft.windows.common-controls_6595b64144ccf1df_6.0.7601.17514_none_fa396087175ac9ac\COMCTL32.dll
0x00000000fe840000 - 0x00000000fe8b1000 	C:\Windows\system32\SHLWAPI.dll
0x00000000fe280000 - 0x00000000fe2ae000 	C:\Windows\system32\IMM32.DLL
0x00000000fde60000 - 0x00000000fdf69000 	C:\Windows\system32\MSCTF.dll
0x000000005ca20000 - 0x000000005caf1000 	C:\Program Files\Java\jdk1.7.0_05\jre\bin\msvcr100.dll
0x00000000649c0000 - 0x00000000650da000 	C:\Program Files\Java\jdk1.7.0_05\jre\bin\server\jvm.dll
0x00000000f9960000 - 0x00000000f9969000 	C:\Windows\system32\WSOCK32.dll
0x00000000fe5e0000 - 0x00000000fe62d000 	C:\Windows\system32\WS2_32.dll
0x00000000fcee0000 - 0x00000000fcee8000 	C:\Windows\system32\NSI.dll
0x00000000f74d0000 - 0x00000000f750b000 	C:\Windows\system32\WINMM.dll
0x0000000076ec0000 - 0x0000000076ec7000 	C:\Windows\system32\PSAPI.DLL
0x0000000074130000 - 0x000000007413f000 	C:\Program Files\Java\jdk1.7.0_05\jre\bin\verify.dll
0x000000006b1d0000 - 0x000000006b1f8000 	C:\Program Files\Java\jdk1.7.0_05\jre\bin\java.dll
0x000000006c440000 - 0x000000006c455000 	C:\Program Files\Java\jdk1.7.0_05\jre\bin\zip.dll
0x0000000073550000 - 0x0000000073569000 	C:\Program Files\Java\jdk1.7.0_05\jre\bin\net.dll
0x00000000fc300000 - 0x00000000fc355000 	C:\Windows\system32\mswsock.dll
0x00000000fc2b0000 - 0x00000000fc2b7000 	C:\Windows\System32\wship6.dll
0x000000006b210000 - 0x000000006b221000 	C:\Program Files\Java\jdk1.7.0_05\jre\bin\nio.dll
0x00000000fc360000 - 0x00000000fc377000 	C:\Windows\system32\CRYPTSP.dll
0x00000000fc020000 - 0x00000000fc067000 	C:\Windows\system32\rsaenh.dll
0x00000000fcc80000 - 0x00000000fcc9e000 	C:\Windows\system32\USERENV.dll
0x00000000fcb20000 - 0x00000000fcb2f000 	C:\Windows\system32\profapi.dll
0x00000000fc9c0000 - 0x00000000fc9cf000 	C:\Windows\system32\CRYPTBASE.dll
0x00000000faaf0000 - 0x00000000fab05000 	C:\Windows\system32\NLAapi.dll
0x00000000f9e70000 - 0x00000000f9e85000 	C:\Windows\system32\napinsp.dll
0x00000000f9e50000 - 0x00000000f9e69000 	C:\Windows\system32\pnrpnsp.dll
0x00000000fc140000 - 0x00000000fc19b000 	C:\Windows\system32\DNSAPI.dll
0x00000000fadf0000 - 0x00000000fadfb000 	C:\Windows\System32\winrnr.dll
0x00000000f9e40000 - 0x00000000f9e50000 	C:\Windows\system32\wshbth.dll
0x00000000fbce0000 - 0x00000000fbce7000 	C:\Windows\System32\wshtcpip.dll
0x00000000fa680000 - 0x00000000fa6a7000 	C:\Windows\system32\IPHLPAPI.DLL
0x00000000fa660000 - 0x00000000fa66b000 	C:\Windows\system32\WINNSI.DLL
0x00000000f7d80000 - 0x00000000f7d88000 	C:\Windows\system32\rasadhlp.dll
0x00000000f9bd0000 - 0x00000000f9c23000 	C:\Windows\System32\fwpuclnt.dll
0x00000000ed3e0000 - 0x00000000ed3f2000 	C:\Users\HILMAN\AppData\Local\Temp\native-platform9118749198170551314dir\native-platform.dll
0x00000000f9b80000 - 0x00000000f9b91000 	C:\Windows\system32\dhcpcsvc6.DLL
0x00000000fa500000 - 0x00000000fa518000 	C:\Windows\system32\dhcpcsvc.DLL
0x00000000fc960000 - 0x00000000fc9b7000 	C:\Windows\system32\apphelp.dll
0x00000000edda0000 - 0x00000000edec5000 	C:\Windows\system32\dbghelp.dll

VM Arguments:
jvm_args: -XX:MaxPermSize=256m -XX:+HeapDumpOnOutOfMemoryError -Xmx1024m -Dfile.encoding=windows-1252 -Duser.country=US -Duser.language=en -Duser.variant 
java_command: org.gradle.launcher.daemon.bootstrap.GradleDaemon 2.2.1 C:\Users\HILMAN\.gradle\daemon 10800000 32e76152-a5b3-46a6-b782-1dd72571ebfb -XX:MaxPermSize=256m -XX:+HeapDumpOnOutOfMemoryError -Xmx1024m -Dfile.encoding=windows-1252 -Duser.country=US -Duser.language=en -Duser.variant
Launcher Type: SUN_STANDARD

Environment Variables:
PATH=C:\ProgramData\Oracle\Java\javapath;C:\Program Files (x86)\Java\jdk1.7.0_06\bin;C:\Program Files (x86)\Microsoft SDKs\F#\3.1\Framework\v4.0;C:\Windows\System32;C:\Program Files;C:\Program Files (x86);C:\Program Files (x86)\Toshiba\Bluetooth Toshiba Stack\sys\;C:\Program Files (x86)\Toshiba\Bluetooth Toshiba Stack\sys\x64\;C:\Python27;C:\xampp\php;C:\ProgramData\ComposerSetup\bin
USERNAME=HILMAN
OS=Windows_NT
PROCESSOR_IDENTIFIER=Intel64 Family 6 Model 42 Stepping 7, GenuineIntel



---------------  S Y S T E M  ---------------

OS: Windows 7 , 64 bit Build 7601 Service Pack 1

CPU:total 2 (2 cores per cpu, 1 threads per core) family 6 model 42 stepping 7, cmov, cx8, fxsr, mmx, sse, sse2, sse3, ssse3, sse4.1, sse4.2, popcnt, tsc, tscinvbit

Memory: 4k page, physical 4140912k(481024k free), swap 8279960k(2364560k free)

vm_info: Java HotSpot(TM) 64-Bit Server VM (23.1-b03) for windows-amd64 JRE (1.7.0_05-b06), built on Jun 27 2012 00:54:58 by "java_re" with unknown MS VC++:1600

time: Tue Aug 18 17:00:31 2015
elapsed time: 20189 seconds

